# JRE version: Java(TM) SE Runtime Environment (20.0.1+9) (build 20.0.1+9-29)
# Java VM: Java HotSpot(TM) 64-Bit Server VM (20.0.1+9-29, mixed mode, sharing, tiered, compressed oops, compressed class ptrs, g1 gc, windows-amd64)
GC Precious Log:
 CardTable entry size: 512
 Card Set container configuration: InlinePtr #cards 5 size 8 Array Of Cards #cards 12 size 40 Howl #buckets 4 coarsen threshold 1843 Howl Bitmap #cards 512 size 80 coarsen threshold 460 Card regions per heap region 1 cards per card region 2048
 CPUs: 4 total, 4 available
 Memory: 3900M
 Large Page Support: Disabled
 NUMA Support: Disabled
 Compressed Oops: Enabled (32-bit)
 Heap Region Size: 1M
 Heap Min Capacity: 8M
 Heap Initial Capacity: 62M
 Heap Max Capacity: 976M
 Pre-touch: Disabled
 Parallel Workers: 4
 Concurrent Workers: 1
 Concurrent Refinement Workers: 4
 Periodic GC: Disabled
Heap:
 garbage-first heap   total 76800K, used 52447K [0x00000000c3000000, 0x0000000100000000)
  region size 1024K, 11 young (11264K), 2 survivors (2048K)
 Metaspace       used 88959K, committed 89920K, reserved 1179648K
  class space    used 11820K, committed 12224K, reserved 1048576K
GC Heap History (20 events):
Event: 30.612 GC heap before
{Heap before GC invocations=18 (full 0):
 garbage-first heap   total 55296K, used 46093K [0x00000000c3000000, 0x0000000100000000)
  region size 1024K, 20 young (20480K), 3 survivors (3072K)
 Metaspace       used 68316K, committed 68928K, reserved 1114112K
  class space    used 8956K, committed 9216K, reserved 1048576K
}
Event: 30.625 GC heap after
{Heap after GC invocations=19 (full 0):
 garbage-first heap   total 55296K, used 31244K [0x00000000c3000000, 0x0000000100000000)
  region size 1024K, 3 young (3072K), 3 survivors (3072K)
 Metaspace       used 68316K, committed 68928K, reserved 1114112K
  class space    used 8956K, committed 9216K, reserved 1048576K
}
Event: 31.994 GC heap before
{Heap before GC invocations=20 (full 0):
 garbage-first heap   total 55296K, used 47628K [0x00000000c3000000, 0x0000000100000000)
  region size 1024K, 19 young (19456K), 3 survivors (3072K)
 Metaspace       used 70380K, committed 71104K, reserved 1114112K
  class space    used 9260K, committed 9600K, reserved 1048576K
}
Event: 32.004 GC heap after
{Heap after GC invocations=21 (full 0):
 garbage-first heap   total 55296K, used 33015K [0x00000000c3000000, 0x0000000100000000)
  region size 1024K, 2 young (2048K), 2 survivors (2048K)
 Metaspace       used 70380K, committed 71104K, reserved 1114112K
  class space    used 9260K, committed 9600K, reserved 1048576K
}
Event: 32.910 GC heap before
{Heap before GC invocations=21 (full 0):
 garbage-first heap   total 55296K, used 48375K [0x00000000c3000000, 0x0000000100000000)
  region size 1024K, 17 young (17408K), 2 survivors (2048K)
 Metaspace       used 71505K, committed 72128K, reserved 1114112K
  class space    used 9373K, committed 9664K, reserved 1048576K
}
Event: 32.919 GC heap after
{Heap after GC invocations=22 (full 0):
 garbage-first heap   total 55296K, used 33999K [0x00000000c3000000, 0x0000000100000000)
  region size 1024K, 3 young (3072K), 3 survivors (3072K)
 Metaspace       used 71505K, committed 72128K, reserved 1114112K
  class space    used 9373K, committed 9664K, reserved 1048576K
}
Event: 33.498 GC heap before
{Heap before GC invocations=22 (full 0):
 garbage-first heap   total 55296K, used 46287K [0x00000000c3000000, 0x0000000100000000)
  region size 1024K, 16 young (16384K), 3 survivors (3072K)
 Metaspace       used 74257K, committed 75008K, reserved 1114112K
  class space    used 9968K, committed 10304K, reserved 1048576K
}
Event: 33.507 GC heap after
{Heap after GC invocations=23 (full 0):
 garbage-first heap   total 55296K, used 35394K [0x00000000c3000000, 0x0000000100000000)
  region size 1024K, 2 young (2048K), 2 survivors (2048K)
 Metaspace       used 74257K, committed 75008K, reserved 1114112K
  class space    used 9968K, committed 10304K, reserved 1048576K
}
Event: 34.098 GC heap before
{Heap before GC invocations=24 (full 0):
 garbage-first heap   total 68608K, used 47682K [0x00000000c3000000, 0x0000000100000000)
  region size 1024K, 15 young (15360K), 2 survivors (2048K)
 Metaspace       used 75631K, committed 76416K, reserved 1179648K
  class space    used 10148K, committed 10496K, reserved 1048576K
}
Event: 34.107 GC heap after
{Heap after GC invocations=25 (full 0):
 garbage-first heap   total 68608K, used 36073K [0x00000000c3000000, 0x0000000100000000)
  region size 1024K, 1 young (1024K), 1 survivors (1024K)
 Metaspace       used 75631K, committed 76416K, reserved 1179648K
  class space    used 10148K, committed 10496K, reserved 1048576K
}
Event: 35.997 GC heap before
{Heap before GC invocations=25 (full 0):
 garbage-first heap   total 68608K, used 61673K [0x00000000c3000000, 0x0000000100000000)
  region size 1024K, 26 young (26624K), 1 survivors (1024K)
 Metaspace       used 77584K, committed 78272K, reserved 1179648K
  class space    used 10380K, committed 10688K, reserved 1048576K
}
Event: 36.009 GC heap after
{Heap after GC invocations=26 (full 0):
 garbage-first heap   total 68608K, used 36902K [0x00000000c3000000, 0x0000000100000000)
  region size 1024K, 3 young (3072K), 3 survivors (3072K)
 Metaspace       used 77584K, committed 78272K, reserved 1179648K
  class space    used 10380K, committed 10688K, reserved 1048576K
}
Event: 37.450 GC heap before
{Heap before GC invocations=26 (full 0):
 garbage-first heap   total 68608K, used 60454K [0x00000000c3000000, 0x0000000100000000)
  region size 1024K, 26 young (26624K), 3 survivors (3072K)
 Metaspace       used 79463K, committed 80192K, reserved 1179648K
  class space    used 10636K, committed 10944K, reserved 1048576K
}
Event: 37.474 GC heap after
{Heap after GC invocations=27 (full 0):
 garbage-first heap   total 68608K, used 38912K [0x00000000c3000000, 0x0000000100000000)
  region size 1024K, 4 young (4096K), 4 survivors (4096K)
 Metaspace       used 79463K, committed 80192K, reserved 1179648K
  class space    used 10636K, committed 10944K, reserved 1048576K
}
Event: 39.076 GC heap before
{Heap before GC invocations=28 (full 0):
 garbage-first heap   total 70656K, used 60416K [0x00000000c3000000, 0x0000000100000000)
  region size 1024K, 25 young (25600K), 4 survivors (4096K)
 Metaspace       used 81441K, committed 82240K, reserved 1179648K
  class space    used 10905K, committed 11264K, reserved 1048576K
}
Event: 39.093 GC heap after
{Heap after GC invocations=29 (full 0):
 garbage-first heap   total 70656K, used 40924K [0x00000000c3000000, 0x0000000100000000)
  region size 1024K, 4 young (4096K), 4 survivors (4096K)
 Metaspace       used 81441K, committed 82240K, reserved 1179648K
  class space    used 10905K, committed 11264K, reserved 1048576K
}
Event: 42.229 GC heap before
{Heap before GC invocations=29 (full 0):
 garbage-first heap   total 70656K, used 61404K [0x00000000c3000000, 0x0000000100000000)
  region size 1024K, 25 young (25600K), 4 survivors (4096K)
 Metaspace       used 85130K, committed 85952K, reserved 1179648K
  class space    used 11396K, committed 11776K, reserved 1048576K
}
Event: 42.266 GC heap after
{Heap after GC invocations=30 (full 0):
 garbage-first heap   total 70656K, used 42547K [0x00000000c3000000, 0x0000000100000000)
  region size 1024K, 3 young (3072K), 3 survivors (3072K)
 Metaspace       used 85130K, committed 85952K, reserved 1179648K
  class space    used 11396K, committed 11776K, reserved 1048576K
}
Event: 962.971 GC heap before
{Heap before GC invocations=30 (full 0):
 garbage-first heap   total 70656K, used 60979K [0x00000000c3000000, 0x0000000100000000)
  region size 1024K, 22 young (22528K), 3 survivors (3072K)
 Metaspace       used 88898K, committed 89728K, reserved 1179648K
  class space    used 11860K, committed 12224K, reserved 1048576K
}
Event: 963.207 GC heap after
{Heap after GC invocations=31 (full 0):
 garbage-first heap   total 70656K, used 44255K [0x00000000c3000000, 0x0000000100000000)
  region size 1024K, 2 young (2048K), 2 survivors (2048K)
 Metaspace       used 88898K, committed 89728K, reserved 1179648K
  class space    used 11860K, committed 12224K, reserved 1048576K
}

